─────────────────────────────────────────────────────────────────────────────────────────────────────────────────────────────────────────────────────       Test metric             DataLoader 0
─────────────────────────────────────────────────────────────────────────────────────────────────────────────────────────────────────────────────────     test_COVID_acc         0.8969072699546814
      test_COVID_f1         0.6938775181770325
     test_COVID_loss        0.25933271646499634
  test_COVID_precision      0.9272727370262146
    test_COVID_recall        0.554347813129425
        test_acc               0.85791015625
         test_f1            0.6631944179534912
   test_gossipcop_acc       0.8496605157852173
    test_gossipcop_f1       0.6474602818489075
   test_gossipcop_loss      0.3682249188423157
test_gossipcop_precision    0.6821086406707764
  test_gossipcop_recall     0.6161616444587708
        test_loss           0.35127827525138855
   test_politifact_acc      0.7923076748847961
   test_politifact_f1       0.7652173638343811
  test_politifact_loss      0.5655285716056824
test_politifact_precision   0.8461538553237915
 test_politifact_recall     0.6984127163887024
     test_precision         0.7271573543548584
       test_recall          0.6095744967460632
─────────────────────────────────────────────────────────────────────────────────────────────────────────────────────────────────────────────────────[I 2023-06-09 04:38:07,208] Trial 31 finished with value: 0.35127827525138855 and parameters: {'lr': 0.0006913232808943483, 'dropout': 0.2518957803493875}. Best is trial 24 with value: 0.3202548623085022.
─────────────────────────────────────────────────────────────────────────────────────────────────────────────────────────────────────────────────────       Test metric             DataLoader 0
─────────────────────────────────────────────────────────────────────────────────────────────────────────────────────────────────────────────────────     test_COVID_acc         0.9106529355049133
      test_COVID_f1                0.75
     test_COVID_loss        0.24993067979812622
  test_COVID_precision           0.9140625
    test_COVID_recall        0.635869562625885
        test_acc               0.8662109375
         test_f1            0.6666666865348816
   test_gossipcop_acc       0.8564500212669373
    test_gossipcop_f1       0.6312292814254761
   test_gossipcop_loss      0.34693780541419983
test_gossipcop_precision    0.7436399459838867
  test_gossipcop_recall     0.5483405590057373
        test_loss           0.32914209365844727
   test_politifact_acc       0.800000011920929
   test_politifact_f1            0.796875
  test_politifact_loss      0.4376770853996277
test_politifact_precision   0.7846153974533081
 test_politifact_recall     0.8095238208770752
     test_precision         0.7784090638160706
       test_recall          0.5829787254333496
─────────────────────────────────────────────────────────────────────────────────────────────────────────────────────────────────────────────────────[I 2023-06-09 04:44:27,398] Trial 32 finished with value: 0.32914209365844727 and parameters: {'lr': 0.0004704321916380406, 'dropout': 0.19746082366688442}. Best is trial 24 with value: 0.3202548623085022.
─────────────────────────────────────────────────────────────────────────────────────────────────────────────────────────────────────────────────────       Test metric             DataLoader 0
─────────────────────────────────────────────────────────────────────────────────────────────────────────────────────────────────────────────────────     test_COVID_acc         0.9072165489196777
      test_COVID_f1         0.7254236936569214
     test_COVID_loss        0.24895119667053223
  test_COVID_precision      0.9639639854431152
    test_COVID_recall        0.58152174949646
        test_acc              0.867431640625
         test_f1            0.6670754551887512
   test_gossipcop_acc       0.8577432632446289
    test_gossipcop_f1       0.6375617980957031
   test_gossipcop_loss      0.34951192140579224
test_gossipcop_precision    0.7428023219108582
  test_gossipcop_recall     0.5584415793418884
        test_loss           0.3324294090270996
   test_politifact_acc      0.8307692408561707
   test_politifact_f1       0.8196721076965332
  test_politifact_loss      0.48658499121665955
test_politifact_precision   0.8474576473236084
 test_politifact_recall     0.7936508059501648
     test_precision         0.7872648239135742
       test_recall          0.5787234306335449
─────────────────────────────────────────────────────────────────────────────────────────────────────────────────────────────────────────────────────[I 2023-06-09 04:52:14,159] Trial 33 finished with value: 0.3324294090270996 and parameters: {'lr': 0.001016534370007339, 'dropout': 0.16118826993137353}. Best is trial 24 with value: 0.3202548623085022.
─────────────────────────────────────────────────────────────────────────────────────────────────────────────────────────────────────────────────────       Test metric             DataLoader 0
─────────────────────────────────────────────────────────────────────────────────────────────────────────────────────────────────────────────────────     test_COVID_acc          0.919816792011261
      test_COVID_f1         0.7727272510528564
     test_COVID_loss        0.22380326688289642
  test_COVID_precision      0.9596773982048035
    test_COVID_recall        0.64673912525177
        test_acc              0.849365234375
         test_f1            0.6740623712539673
   test_gossipcop_acc       0.8315551280975342
    test_gossipcop_f1        0.644853413105011
   test_gossipcop_loss      0.3842858672142029
test_gossipcop_precision    0.6111111044883728
  test_gossipcop_recall      0.682539701461792
        test_loss           0.35258832573890686
   test_politifact_acc       0.800000011920929
   test_politifact_f1       0.7796609997749329
  test_politifact_loss      0.46327143907546997
test_politifact_precision   0.8363636136054993
 test_politifact_recall     0.7301587462425232
     test_precision         0.6694648265838623
       test_recall          0.6787233948707581
─────────────────────────────────────────────────────────────────────────────────────────────────────────────────────────────────────────────────────[I 2023-06-09 04:59:59,346] Trial 34 finished with value: 0.35258832573890686 and parameters: {'lr': 0.00040268427687293506, 'dropout': 0.2047477914306373}. Best is trial 24 with value: 0.3202548623085022.
─────────────────────────────────────────────────────────────────────────────────────────────────────────────────────────────────────────────────────       Test metric             DataLoader 0
─────────────────────────────────────────────────────────────────────────────────────────────────────────────────────────────────────────────────────     test_COVID_acc         0.9301260709762573
      test_COVID_f1         0.8145896792411804
     test_COVID_loss        0.2026732712984085
  test_COVID_precision      0.9241379499435425
    test_COVID_recall        0.72826087474823
        test_acc               0.86767578125
         test_f1             0.659547746181488
   test_gossipcop_acc       0.8528936505317688
    test_gossipcop_f1       0.5991190075874329
   test_gossipcop_loss       0.372531920671463
test_gossipcop_precision    0.7692307829856873
  test_gossipcop_recall      0.490620493888855
        test_loss           0.33898472785949707
   test_politifact_acc       0.800000011920929
   test_politifact_f1            0.796875
  test_politifact_loss       0.456203818321228
test_politifact_precision   0.7846153974533081
 test_politifact_recall     0.8095238208770752
     test_precision         0.8052147030830383
       test_recall          0.5585106611251831
─────────────────────────────────────────────────────────────────────────────────────────────────────────────────────────────────────────────────────[I 2023-06-09 05:21:01,954] Trial 41 finished with value: 0.33898472785949707 and parameters: {'lr': 0.00025376451524452133, 'dropout': 0.12335286598655795}. Best is trial 24 with value: 0.3202548623085022.
─────────────────────────────────────────────────────────────────────────────────────────────────────────────────────────────────────────────────────       Test metric             DataLoader 0
─────────────────────────────────────────────────────────────────────────────────────────────────────────────────────────────────────────────────────     test_COVID_acc         0.9255441427230835
      test_COVID_f1         0.7975078225135803
     test_COVID_loss         0.208462655544281
  test_COVID_precision      0.9343065619468689
    test_COVID_recall        0.695652186870575
        test_acc                0.873046875
         test_f1            0.6658097505569458
   test_gossipcop_acc       0.8622696399688721
    test_gossipcop_f1       0.6216696500778198
   test_gossipcop_loss      0.35110917687416077
test_gossipcop_precision    0.8083140850067139
  test_gossipcop_recall     0.5050504803657532
        test_loss           0.32560572028160095
   test_politifact_acc      0.7769230604171753
   test_politifact_f1       0.7339449524879456
  test_politifact_loss      0.5054806470870972
test_politifact_precision   0.8695651888847351
 test_politifact_recall     0.6349206566810608
     test_precision         0.8409090638160706
       test_recall          0.5510638356208801
─────────────────────────────────────────────────────────────────────────────────────────────────────────────────────────────────────────────────────[I 2023-06-09 05:28:41,781] Trial 42 finished with value: 0.32560572028160095 and parameters: {'lr': 0.0003213054118792024, 'dropout': 0.11979971088747635}. Best is trial 24 with value: 0.3202548623085022.
─────────────────────────────────────────────────────────────────────────────────────────────────────────────────────────────────────────────────────       Test metric             DataLoader 0
─────────────────────────────────────────────────────────────────────────────────────────────────────────────────────────────────────────────────────     test_COVID_acc          0.931271493434906
      test_COVID_f1          0.810126543045044
     test_COVID_loss        0.21986733376979828
  test_COVID_precision      0.9696969985961914
    test_COVID_recall        0.695652186870575
        test_acc               0.86767578125
         test_f1            0.6923949718475342
   test_gossipcop_acc       0.8506304621696472
    test_gossipcop_f1       0.6510573625564575
   test_gossipcop_loss      0.3513852059841156
test_gossipcop_precision    0.6830427646636963
  test_gossipcop_recall      0.62193363904953
        test_loss           0.3269197940826416
   test_politifact_acc      0.8461538553237915
   test_politifact_f1       0.8360655307769775
  test_politifact_loss      0.46373018622398376
test_politifact_precision   0.8644067645072937
 test_politifact_recall     0.8095238208770752
     test_precision         0.7420924305915833
       test_recall          0.6489361524581909
─────────────────────────────────────────────────────────────────────────────────────────────────────────────────────────────────────────────────────[I 2023-06-09 05:46:24,635] Trial 48 finished with value: 0.3269197940826416 and parameters: {'lr': 0.0002729274087393916, 'dropout': 0.1208423581611207}. Best is trial 24 with value: 0.3202548623085022.
Best trial: {'lr': 0.0002385038379415375, 'dropout': 0.13705560783571308}
[I 2023-06-09 05:49:23,759] Trial 49 pruned. Trial was pruned at epoch 0.████████████████████████████████████████████| 64/64 [00:20<00:00,  3.15it/s]
Best trial: {'lr': 0.0002385038379415375, 'dropout': 0.13705560783571308}